Copyright 1986-2020 Xilinx, Inc. All Rights Reserved.
--------------------------------------------------------------------------------------------------------------------------------------------------------------------------------
| Tool Version : Vivado v.2020.1 (win64) Build 2902540 Wed May 27 19:54:49 MDT 2020
| Date         : Thu Mar 31 14:35:31 2022
| Host         : PC-636 running 64-bit major release  (build 9200)
| Command      : report_timing_summary -max_paths 10 -file top_timing_summary_routed.rpt -pb top_timing_summary_routed.pb -rpx top_timing_summary_routed.rpx -warn_on_violation
| Design       : top
| Device       : 7a50ti-csg324
| Speed File   : -1L  PRODUCTION 1.23 2018-06-13
--------------------------------------------------------------------------------------------------------------------------------------------------------------------------------

Timing Summary Report

------------------------------------------------------------------------------------------------
| Timer Settings
| --------------
------------------------------------------------------------------------------------------------

  Enable Multi Corner Analysis               :  Yes
  Enable Pessimism Removal                   :  Yes
  Pessimism Removal Resolution               :  Nearest Common Node
  Enable Input Delay Default Clock           :  No
  Enable Preset / Clear Arcs                 :  No
  Disable Flight Delays                      :  No
  Ignore I/O Paths                           :  No
  Timing Early Launch at Borrowing Latches   :  No
  Borrow Time for Max Delay Exceptions       :  Yes
  Merge Timing Exceptions                    :  Yes

  Corner  Analyze    Analyze    
  Name    Max Paths  Min Paths  
  ------  ---------  ---------  
  Slow    Yes        Yes        
  Fast    Yes        Yes        



check_timing report

Table of Contents
-----------------
1. checking no_clock (0)
2. checking constant_clock (0)
3. checking pulse_width_clock (0)
4. checking unconstrained_internal_endpoints (0)
5. checking no_input_delay (1)
6. checking no_output_delay (4)
7. checking multiple_clock (0)
8. checking generated_clocks (0)
9. checking loops (0)
10. checking partial_input_delay (0)
11. checking partial_output_delay (0)
12. checking latch_loops (0)

1. checking no_clock (0)
------------------------
 There are 0 register/latch pins with no clock.


2. checking constant_clock (0)
------------------------------
 There are 0 register/latch pins with constant_clock.


3. checking pulse_width_clock (0)
---------------------------------
 There are 0 register/latch pins which need pulse_width check


4. checking unconstrained_internal_endpoints (0)
------------------------------------------------
 There are 0 pins that are not constrained for maximum delay.

 There are 0 pins that are not constrained for maximum delay due to constant clock.


5. checking no_input_delay (1)
------------------------------
 There is 1 input port with no input delay specified. (HIGH)

 There are 0 input ports with no input delay but user has a false path constraint.


6. checking no_output_delay (4)
-------------------------------
 There are 4 ports with no output delay specified. (HIGH)

 There are 0 ports with no output delay but user has a false path constraint

 There are 0 ports with no output delay but with a timing clock defined on it or propagating through it


7. checking multiple_clock (0)
------------------------------
 There are 0 register/latch pins with multiple clocks.


8. checking generated_clocks (0)
--------------------------------
 There are 0 generated clocks that are not connected to a clock source.


9. checking loops (0)
---------------------
 There are 0 combinational loops in the design.


10. checking partial_input_delay (0)
------------------------------------
 There are 0 input ports with partial input delay specified.


11. checking partial_output_delay (0)
-------------------------------------
 There are 0 ports with partial output delay specified.


12. checking latch_loops (0)
----------------------------
 There are 0 combinational latch loops in the design through latch input



------------------------------------------------------------------------------------------------
| Design Timing Summary
| ---------------------
------------------------------------------------------------------------------------------------

    WNS(ns)      TNS(ns)  TNS Failing Endpoints  TNS Total Endpoints      WHS(ns)      THS(ns)  THS Failing Endpoints  THS Total Endpoints     WPWS(ns)     TPWS(ns)  TPWS Failing Endpoints  TPWS Total Endpoints  
    -------      -------  ---------------------  -------------------      -------      -------  ---------------------  -------------------     --------     --------  ----------------------  --------------------  
      5.681        0.000                      0                   76        0.227        0.000                      0                   76        4.500        0.000                       0                    41  


All user specified timing constraints are met.


------------------------------------------------------------------------------------------------
| Clock Summary
| -------------
------------------------------------------------------------------------------------------------

Clock        Waveform(ns)       Period(ns)      Frequency(MHz)
-----        ------------       ----------      --------------
sys_clk_pin  {0.000 5.000}      10.000          100.000         


------------------------------------------------------------------------------------------------
| Intra Clock Table
| -----------------
------------------------------------------------------------------------------------------------

Clock             WNS(ns)      TNS(ns)  TNS Failing Endpoints  TNS Total Endpoints      WHS(ns)      THS(ns)  THS Failing Endpoints  THS Total Endpoints     WPWS(ns)     TPWS(ns)  TPWS Failing Endpoints  TPWS Total Endpoints  
-----             -------      -------  ---------------------  -------------------      -------      -------  ---------------------  -------------------     --------     --------  ----------------------  --------------------  
sys_clk_pin         5.681        0.000                      0                   76        0.227        0.000                      0                   76        4.500        0.000                       0                    41  


------------------------------------------------------------------------------------------------
| Inter Clock Table
| -----------------
------------------------------------------------------------------------------------------------

From Clock    To Clock          WNS(ns)      TNS(ns)  TNS Failing Endpoints  TNS Total Endpoints      WHS(ns)      THS(ns)  THS Failing Endpoints  THS Total Endpoints  
----------    --------          -------      -------  ---------------------  -------------------      -------      -------  ---------------------  -------------------  


------------------------------------------------------------------------------------------------
| Other Path Groups Table
| -----------------------
------------------------------------------------------------------------------------------------

Path Group    From Clock    To Clock          WNS(ns)      TNS(ns)  TNS Failing Endpoints  TNS Total Endpoints      WHS(ns)      THS(ns)  THS Failing Endpoints  THS Total Endpoints  
----------    ----------    --------          -------      -------  ---------------------  -------------------      -------      -------  ---------------------  -------------------  


------------------------------------------------------------------------------------------------
| Timing Details
| --------------
------------------------------------------------------------------------------------------------


---------------------------------------------------------------------------------------------------
From Clock:  sys_clk_pin
  To Clock:  sys_clk_pin

Setup :            0  Failing Endpoints,  Worst Slack        5.681ns,  Total Violation        0.000ns
Hold  :            0  Failing Endpoints,  Worst Slack        0.227ns,  Total Violation        0.000ns
PW    :            0  Failing Endpoints,  Worst Slack        4.500ns,  Total Violation        0.000ns
---------------------------------------------------------------------------------------------------


Max Delay Paths
--------------------------------------------------------------------------------------
Slack (MET) :             5.681ns  (required time - arrival time)
  Source:                 tlc/clk_en0/s_cnt_local_reg[5]/C
                            (rising edge-triggered cell FDRE clocked by sys_clk_pin  {rise@0.000ns fall@5.000ns period=10.000ns})
  Destination:            tlc/clk_en0/s_cnt_local_reg[0]/R
                            (rising edge-triggered cell FDRE clocked by sys_clk_pin  {rise@0.000ns fall@5.000ns period=10.000ns})
  Path Group:             sys_clk_pin
  Path Type:              Setup (Max at Slow Process Corner)
  Requirement:            10.000ns  (sys_clk_pin rise@10.000ns - sys_clk_pin rise@0.000ns)
  Data Path Delay:        3.819ns  (logic 0.828ns (21.682%)  route 2.991ns (78.318%))
  Logic Levels:           3  (LUT6=3)
  Clock Path Skew:        -0.036ns (DCD - SCD + CPR)
    Destination Clock Delay (DCD):    4.877ns = ( 14.877 - 10.000 ) 
    Source Clock Delay      (SCD):    5.172ns
    Clock Pessimism Removal (CPR):    0.259ns
  Clock Uncertainty:      0.035ns  ((TSJ^2 + TIJ^2)^1/2 + DJ) / 2 + PE
    Total System Jitter     (TSJ):    0.071ns
    Total Input Jitter      (TIJ):    0.000ns
    Discrete Jitter          (DJ):    0.000ns
    Phase Error              (PE):    0.000ns

    Location             Delay type                Incr(ns)  Path(ns)    Netlist Resource(s)
  -------------------------------------------------------------------    -------------------
                         (clock sys_clk_pin rise edge)
                                                      0.000     0.000 r  
    E3                                                0.000     0.000 r  CLK100MHZ (IN)
                         net (fo=0)                   0.000     0.000    CLK100MHZ
    E3                   IBUF (Prop_ibuf_I_O)         1.489     1.489 r  CLK100MHZ_IBUF_inst/O
                         net (fo=1, routed)           1.967     3.455    CLK100MHZ_IBUF
    BUFGCTRL_X0Y16       BUFG (Prop_bufg_I_O)         0.096     3.551 r  CLK100MHZ_IBUF_BUFG_inst/O
                         net (fo=40, routed)          1.620     5.172    tlc/clk_en0/CLK
    SLICE_X1Y25          FDRE                                         r  tlc/clk_en0/s_cnt_local_reg[5]/C
  -------------------------------------------------------------------    -------------------
    SLICE_X1Y25          FDRE (Prop_fdre_C_Q)         0.456     5.628 r  tlc/clk_en0/s_cnt_local_reg[5]/Q
                         net (fo=2, routed)           0.919     6.547    tlc/clk_en0/s_cnt_local_reg[5]
    SLICE_X0Y24          LUT6 (Prop_lut6_I4_O)        0.124     6.671 r  tlc/clk_en0/s_cnt_local[0]_i_7/O
                         net (fo=1, routed)           0.688     7.359    tlc/clk_en0/s_cnt_local[0]_i_7_n_0
    SLICE_X0Y27          LUT6 (Prop_lut6_I1_O)        0.124     7.483 r  tlc/clk_en0/s_cnt_local[0]_i_5/O
                         net (fo=2, routed)           0.649     8.132    tlc/clk_en0/s_cnt_local[0]_i_5_n_0
    SLICE_X0Y29          LUT6 (Prop_lut6_I5_O)        0.124     8.256 r  tlc/clk_en0/s_cnt_local[0]_i_1/O
                         net (fo=31, routed)          0.735     8.991    tlc/clk_en0/s_cnt_local[0]_i_1_n_0
    SLICE_X1Y24          FDRE                                         r  tlc/clk_en0/s_cnt_local_reg[0]/R
  -------------------------------------------------------------------    -------------------

                         (clock sys_clk_pin rise edge)
                                                     10.000    10.000 r  
    E3                                                0.000    10.000 r  CLK100MHZ (IN)
                         net (fo=0)                   0.000    10.000    CLK100MHZ
    E3                   IBUF (Prop_ibuf_I_O)         1.418    11.418 r  CLK100MHZ_IBUF_inst/O
                         net (fo=1, routed)           1.862    13.280    CLK100MHZ_IBUF
    BUFGCTRL_X0Y16       BUFG (Prop_bufg_I_O)         0.091    13.371 r  CLK100MHZ_IBUF_BUFG_inst/O
                         net (fo=40, routed)          1.505    14.877    tlc/clk_en0/CLK
    SLICE_X1Y24          FDRE                                         r  tlc/clk_en0/s_cnt_local_reg[0]/C
                         clock pessimism              0.259    15.136    
                         clock uncertainty           -0.035    15.100    
    SLICE_X1Y24          FDRE (Setup_fdre_C_R)       -0.429    14.671    tlc/clk_en0/s_cnt_local_reg[0]
  -------------------------------------------------------------------
                         required time                         14.671    
                         arrival time                          -8.991    
  -------------------------------------------------------------------
                         slack                                  5.681    

Slack (MET) :             5.681ns  (required time - arrival time)
  Source:                 tlc/clk_en0/s_cnt_local_reg[5]/C
                            (rising edge-triggered cell FDRE clocked by sys_clk_pin  {rise@0.000ns fall@5.000ns period=10.000ns})
  Destination:            tlc/clk_en0/s_cnt_local_reg[1]/R
                            (rising edge-triggered cell FDRE clocked by sys_clk_pin  {rise@0.000ns fall@5.000ns period=10.000ns})
  Path Group:             sys_clk_pin
  Path Type:              Setup (Max at Slow Process Corner)
  Requirement:            10.000ns  (sys_clk_pin rise@10.000ns - sys_clk_pin rise@0.000ns)
  Data Path Delay:        3.819ns  (logic 0.828ns (21.682%)  route 2.991ns (78.318%))
  Logic Levels:           3  (LUT6=3)
  Clock Path Skew:        -0.036ns (DCD - SCD + CPR)
    Destination Clock Delay (DCD):    4.877ns = ( 14.877 - 10.000 ) 
    Source Clock Delay      (SCD):    5.172ns
    Clock Pessimism Removal (CPR):    0.259ns
  Clock Uncertainty:      0.035ns  ((TSJ^2 + TIJ^2)^1/2 + DJ) / 2 + PE
    Total System Jitter     (TSJ):    0.071ns
    Total Input Jitter      (TIJ):    0.000ns
    Discrete Jitter          (DJ):    0.000ns
    Phase Error              (PE):    0.000ns

    Location             Delay type                Incr(ns)  Path(ns)    Netlist Resource(s)
  -------------------------------------------------------------------    -------------------
                         (clock sys_clk_pin rise edge)
                                                      0.000     0.000 r  
    E3                                                0.000     0.000 r  CLK100MHZ (IN)
                         net (fo=0)                   0.000     0.000    CLK100MHZ
    E3                   IBUF (Prop_ibuf_I_O)         1.489     1.489 r  CLK100MHZ_IBUF_inst/O
                         net (fo=1, routed)           1.967     3.455    CLK100MHZ_IBUF
    BUFGCTRL_X0Y16       BUFG (Prop_bufg_I_O)         0.096     3.551 r  CLK100MHZ_IBUF_BUFG_inst/O
                         net (fo=40, routed)          1.620     5.172    tlc/clk_en0/CLK
    SLICE_X1Y25          FDRE                                         r  tlc/clk_en0/s_cnt_local_reg[5]/C
  -------------------------------------------------------------------    -------------------
    SLICE_X1Y25          FDRE (Prop_fdre_C_Q)         0.456     5.628 r  tlc/clk_en0/s_cnt_local_reg[5]/Q
                         net (fo=2, routed)           0.919     6.547    tlc/clk_en0/s_cnt_local_reg[5]
    SLICE_X0Y24          LUT6 (Prop_lut6_I4_O)        0.124     6.671 r  tlc/clk_en0/s_cnt_local[0]_i_7/O
                         net (fo=1, routed)           0.688     7.359    tlc/clk_en0/s_cnt_local[0]_i_7_n_0
    SLICE_X0Y27          LUT6 (Prop_lut6_I1_O)        0.124     7.483 r  tlc/clk_en0/s_cnt_local[0]_i_5/O
                         net (fo=2, routed)           0.649     8.132    tlc/clk_en0/s_cnt_local[0]_i_5_n_0
    SLICE_X0Y29          LUT6 (Prop_lut6_I5_O)        0.124     8.256 r  tlc/clk_en0/s_cnt_local[0]_i_1/O
                         net (fo=31, routed)          0.735     8.991    tlc/clk_en0/s_cnt_local[0]_i_1_n_0
    SLICE_X1Y24          FDRE                                         r  tlc/clk_en0/s_cnt_local_reg[1]/R
  -------------------------------------------------------------------    -------------------

                         (clock sys_clk_pin rise edge)
                                                     10.000    10.000 r  
    E3                                                0.000    10.000 r  CLK100MHZ (IN)
                         net (fo=0)                   0.000    10.000    CLK100MHZ
    E3                   IBUF (Prop_ibuf_I_O)         1.418    11.418 r  CLK100MHZ_IBUF_inst/O
                         net (fo=1, routed)           1.862    13.280    CLK100MHZ_IBUF
    BUFGCTRL_X0Y16       BUFG (Prop_bufg_I_O)         0.091    13.371 r  CLK100MHZ_IBUF_BUFG_inst/O
                         net (fo=40, routed)          1.505    14.877    tlc/clk_en0/CLK
    SLICE_X1Y24          FDRE                                         r  tlc/clk_en0/s_cnt_local_reg[1]/C
                         clock pessimism              0.259    15.136    
                         clock uncertainty           -0.035    15.100    
    SLICE_X1Y24          FDRE (Setup_fdre_C_R)       -0.429    14.671    tlc/clk_en0/s_cnt_local_reg[1]
  -------------------------------------------------------------------
                         required time                         14.671    
                         arrival time                          -8.991    
  -------------------------------------------------------------------
                         slack                                  5.681    

Slack (MET) :             5.681ns  (required time - arrival time)
  Source:                 tlc/clk_en0/s_cnt_local_reg[5]/C
                            (rising edge-triggered cell FDRE clocked by sys_clk_pin  {rise@0.000ns fall@5.000ns period=10.000ns})
  Destination:            tlc/clk_en0/s_cnt_local_reg[2]/R
                            (rising edge-triggered cell FDRE clocked by sys_clk_pin  {rise@0.000ns fall@5.000ns period=10.000ns})
  Path Group:             sys_clk_pin
  Path Type:              Setup (Max at Slow Process Corner)
  Requirement:            10.000ns  (sys_clk_pin rise@10.000ns - sys_clk_pin rise@0.000ns)
  Data Path Delay:        3.819ns  (logic 0.828ns (21.682%)  route 2.991ns (78.318%))
  Logic Levels:           3  (LUT6=3)
  Clock Path Skew:        -0.036ns (DCD - SCD + CPR)
    Destination Clock Delay (DCD):    4.877ns = ( 14.877 - 10.000 ) 
    Source Clock Delay      (SCD):    5.172ns
    Clock Pessimism Removal (CPR):    0.259ns
  Clock Uncertainty:      0.035ns  ((TSJ^2 + TIJ^2)^1/2 + DJ) / 2 + PE
    Total System Jitter     (TSJ):    0.071ns
    Total Input Jitter      (TIJ):    0.000ns
    Discrete Jitter          (DJ):    0.000ns
    Phase Error              (PE):    0.000ns

    Location             Delay type                Incr(ns)  Path(ns)    Netlist Resource(s)
  -------------------------------------------------------------------    -------------------
                         (clock sys_clk_pin rise edge)
                                                      0.000     0.000 r  
    E3                                                0.000     0.000 r  CLK100MHZ (IN)
                         net (fo=0)                   0.000     0.000    CLK100MHZ
    E3                   IBUF (Prop_ibuf_I_O)         1.489     1.489 r  CLK100MHZ_IBUF_inst/O
                         net (fo=1, routed)           1.967     3.455    CLK100MHZ_IBUF
    BUFGCTRL_X0Y16       BUFG (Prop_bufg_I_O)         0.096     3.551 r  CLK100MHZ_IBUF_BUFG_inst/O
                         net (fo=40, routed)          1.620     5.172    tlc/clk_en0/CLK
    SLICE_X1Y25          FDRE                                         r  tlc/clk_en0/s_cnt_local_reg[5]/C
  -------------------------------------------------------------------    -------------------
    SLICE_X1Y25          FDRE (Prop_fdre_C_Q)         0.456     5.628 r  tlc/clk_en0/s_cnt_local_reg[5]/Q
                         net (fo=2, routed)           0.919     6.547    tlc/clk_en0/s_cnt_local_reg[5]
    SLICE_X0Y24          LUT6 (Prop_lut6_I4_O)        0.124     6.671 r  tlc/clk_en0/s_cnt_local[0]_i_7/O
                         net (fo=1, routed)           0.688     7.359    tlc/clk_en0/s_cnt_local[0]_i_7_n_0
    SLICE_X0Y27          LUT6 (Prop_lut6_I1_O)        0.124     7.483 r  tlc/clk_en0/s_cnt_local[0]_i_5/O
                         net (fo=2, routed)           0.649     8.132    tlc/clk_en0/s_cnt_local[0]_i_5_n_0
    SLICE_X0Y29          LUT6 (Prop_lut6_I5_O)        0.124     8.256 r  tlc/clk_en0/s_cnt_local[0]_i_1/O
                         net (fo=31, routed)          0.735     8.991    tlc/clk_en0/s_cnt_local[0]_i_1_n_0
    SLICE_X1Y24          FDRE                                         r  tlc/clk_en0/s_cnt_local_reg[2]/R
  -------------------------------------------------------------------    -------------------

                         (clock sys_clk_pin rise edge)
                                                     10.000    10.000 r  
    E3                                                0.000    10.000 r  CLK100MHZ (IN)
                         net (fo=0)                   0.000    10.000    CLK100MHZ
    E3                   IBUF (Prop_ibuf_I_O)         1.418    11.418 r  CLK100MHZ_IBUF_inst/O
                         net (fo=1, routed)           1.862    13.280    CLK100MHZ_IBUF
    BUFGCTRL_X0Y16       BUFG (Prop_bufg_I_O)         0.091    13.371 r  CLK100MHZ_IBUF_BUFG_inst/O
                         net (fo=40, routed)          1.505    14.877    tlc/clk_en0/CLK
    SLICE_X1Y24          FDRE                                         r  tlc/clk_en0/s_cnt_local_reg[2]/C
                         clock pessimism              0.259    15.136    
                         clock uncertainty           -0.035    15.100    
    SLICE_X1Y24          FDRE (Setup_fdre_C_R)       -0.429    14.671    tlc/clk_en0/s_cnt_local_reg[2]
  -------------------------------------------------------------------
                         required time                         14.671    
                         arrival time                          -8.991    
  -------------------------------------------------------------------
                         slack                                  5.681    

Slack (MET) :             5.681ns  (required time - arrival time)
  Source:                 tlc/clk_en0/s_cnt_local_reg[5]/C
                            (rising edge-triggered cell FDRE clocked by sys_clk_pin  {rise@0.000ns fall@5.000ns period=10.000ns})
  Destination:            tlc/clk_en0/s_cnt_local_reg[3]/R
                            (rising edge-triggered cell FDRE clocked by sys_clk_pin  {rise@0.000ns fall@5.000ns period=10.000ns})
  Path Group:             sys_clk_pin
  Path Type:              Setup (Max at Slow Process Corner)
  Requirement:            10.000ns  (sys_clk_pin rise@10.000ns - sys_clk_pin rise@0.000ns)
  Data Path Delay:        3.819ns  (logic 0.828ns (21.682%)  route 2.991ns (78.318%))
  Logic Levels:           3  (LUT6=3)
  Clock Path Skew:        -0.036ns (DCD - SCD + CPR)
    Destination Clock Delay (DCD):    4.877ns = ( 14.877 - 10.000 ) 
    Source Clock Delay      (SCD):    5.172ns
    Clock Pessimism Removal (CPR):    0.259ns
  Clock Uncertainty:      0.035ns  ((TSJ^2 + TIJ^2)^1/2 + DJ) / 2 + PE
    Total System Jitter     (TSJ):    0.071ns
    Total Input Jitter      (TIJ):    0.000ns
    Discrete Jitter          (DJ):    0.000ns
    Phase Error              (PE):    0.000ns

    Location             Delay type                Incr(ns)  Path(ns)    Netlist Resource(s)
  -------------------------------------------------------------------    -------------------
                         (clock sys_clk_pin rise edge)
                                                      0.000     0.000 r  
    E3                                                0.000     0.000 r  CLK100MHZ (IN)
                         net (fo=0)                   0.000     0.000    CLK100MHZ
    E3                   IBUF (Prop_ibuf_I_O)         1.489     1.489 r  CLK100MHZ_IBUF_inst/O
                         net (fo=1, routed)           1.967     3.455    CLK100MHZ_IBUF
    BUFGCTRL_X0Y16       BUFG (Prop_bufg_I_O)         0.096     3.551 r  CLK100MHZ_IBUF_BUFG_inst/O
                         net (fo=40, routed)          1.620     5.172    tlc/clk_en0/CLK
    SLICE_X1Y25          FDRE                                         r  tlc/clk_en0/s_cnt_local_reg[5]/C
  -------------------------------------------------------------------    -------------------
    SLICE_X1Y25          FDRE (Prop_fdre_C_Q)         0.456     5.628 r  tlc/clk_en0/s_cnt_local_reg[5]/Q
                         net (fo=2, routed)           0.919     6.547    tlc/clk_en0/s_cnt_local_reg[5]
    SLICE_X0Y24          LUT6 (Prop_lut6_I4_O)        0.124     6.671 r  tlc/clk_en0/s_cnt_local[0]_i_7/O
                         net (fo=1, routed)           0.688     7.359    tlc/clk_en0/s_cnt_local[0]_i_7_n_0
    SLICE_X0Y27          LUT6 (Prop_lut6_I1_O)        0.124     7.483 r  tlc/clk_en0/s_cnt_local[0]_i_5/O
                         net (fo=2, routed)           0.649     8.132    tlc/clk_en0/s_cnt_local[0]_i_5_n_0
    SLICE_X0Y29          LUT6 (Prop_lut6_I5_O)        0.124     8.256 r  tlc/clk_en0/s_cnt_local[0]_i_1/O
                         net (fo=31, routed)          0.735     8.991    tlc/clk_en0/s_cnt_local[0]_i_1_n_0
    SLICE_X1Y24          FDRE                                         r  tlc/clk_en0/s_cnt_local_reg[3]/R
  -------------------------------------------------------------------    -------------------

                         (clock sys_clk_pin rise edge)
                                                     10.000    10.000 r  
    E3                                                0.000    10.000 r  CLK100MHZ (IN)
                         net (fo=0)                   0.000    10.000    CLK100MHZ
    E3                   IBUF (Prop_ibuf_I_O)         1.418    11.418 r  CLK100MHZ_IBUF_inst/O
                         net (fo=1, routed)           1.862    13.280    CLK100MHZ_IBUF
    BUFGCTRL_X0Y16       BUFG (Prop_bufg_I_O)         0.091    13.371 r  CLK100MHZ_IBUF_BUFG_inst/O
                         net (fo=40, routed)          1.505    14.877    tlc/clk_en0/CLK
    SLICE_X1Y24          FDRE                                         r  tlc/clk_en0/s_cnt_local_reg[3]/C
                         clock pessimism              0.259    15.136    
                         clock uncertainty           -0.035    15.100    
    SLICE_X1Y24          FDRE (Setup_fdre_C_R)       -0.429    14.671    tlc/clk_en0/s_cnt_local_reg[3]
  -------------------------------------------------------------------
                         required time                         14.671    
                         arrival time                          -8.991    
  -------------------------------------------------------------------
                         slack                                  5.681    

Slack (MET) :             5.710ns  (required time - arrival time)
  Source:                 tlc/clk_en0/s_cnt_local_reg[5]/C
                            (rising edge-triggered cell FDRE clocked by sys_clk_pin  {rise@0.000ns fall@5.000ns period=10.000ns})
  Destination:            tlc/clk_en0/s_cnt_local_reg[20]/R
                            (rising edge-triggered cell FDRE clocked by sys_clk_pin  {rise@0.000ns fall@5.000ns period=10.000ns})
  Path Group:             sys_clk_pin
  Path Type:              Setup (Max at Slow Process Corner)
  Requirement:            10.000ns  (sys_clk_pin rise@10.000ns - sys_clk_pin rise@0.000ns)
  Data Path Delay:        3.810ns  (logic 0.828ns (21.734%)  route 2.982ns (78.266%))
  Logic Levels:           3  (LUT6=3)
  Clock Path Skew:        -0.016ns (DCD - SCD + CPR)
    Destination Clock Delay (DCD):    4.883ns = ( 14.883 - 10.000 ) 
    Source Clock Delay      (SCD):    5.172ns
    Clock Pessimism Removal (CPR):    0.273ns
  Clock Uncertainty:      0.035ns  ((TSJ^2 + TIJ^2)^1/2 + DJ) / 2 + PE
    Total System Jitter     (TSJ):    0.071ns
    Total Input Jitter      (TIJ):    0.000ns
    Discrete Jitter          (DJ):    0.000ns
    Phase Error              (PE):    0.000ns

    Location             Delay type                Incr(ns)  Path(ns)    Netlist Resource(s)
  -------------------------------------------------------------------    -------------------
                         (clock sys_clk_pin rise edge)
                                                      0.000     0.000 r  
    E3                                                0.000     0.000 r  CLK100MHZ (IN)
                         net (fo=0)                   0.000     0.000    CLK100MHZ
    E3                   IBUF (Prop_ibuf_I_O)         1.489     1.489 r  CLK100MHZ_IBUF_inst/O
                         net (fo=1, routed)           1.967     3.455    CLK100MHZ_IBUF
    BUFGCTRL_X0Y16       BUFG (Prop_bufg_I_O)         0.096     3.551 r  CLK100MHZ_IBUF_BUFG_inst/O
                         net (fo=40, routed)          1.620     5.172    tlc/clk_en0/CLK
    SLICE_X1Y25          FDRE                                         r  tlc/clk_en0/s_cnt_local_reg[5]/C
  -------------------------------------------------------------------    -------------------
    SLICE_X1Y25          FDRE (Prop_fdre_C_Q)         0.456     5.628 r  tlc/clk_en0/s_cnt_local_reg[5]/Q
                         net (fo=2, routed)           0.919     6.547    tlc/clk_en0/s_cnt_local_reg[5]
    SLICE_X0Y24          LUT6 (Prop_lut6_I4_O)        0.124     6.671 r  tlc/clk_en0/s_cnt_local[0]_i_7/O
                         net (fo=1, routed)           0.688     7.359    tlc/clk_en0/s_cnt_local[0]_i_7_n_0
    SLICE_X0Y27          LUT6 (Prop_lut6_I1_O)        0.124     7.483 r  tlc/clk_en0/s_cnt_local[0]_i_5/O
                         net (fo=2, routed)           0.649     8.132    tlc/clk_en0/s_cnt_local[0]_i_5_n_0
    SLICE_X0Y29          LUT6 (Prop_lut6_I5_O)        0.124     8.256 r  tlc/clk_en0/s_cnt_local[0]_i_1/O
                         net (fo=31, routed)          0.726     8.981    tlc/clk_en0/s_cnt_local[0]_i_1_n_0
    SLICE_X1Y29          FDRE                                         r  tlc/clk_en0/s_cnt_local_reg[20]/R
  -------------------------------------------------------------------    -------------------

                         (clock sys_clk_pin rise edge)
                                                     10.000    10.000 r  
    E3                                                0.000    10.000 r  CLK100MHZ (IN)
                         net (fo=0)                   0.000    10.000    CLK100MHZ
    E3                   IBUF (Prop_ibuf_I_O)         1.418    11.418 r  CLK100MHZ_IBUF_inst/O
                         net (fo=1, routed)           1.862    13.280    CLK100MHZ_IBUF
    BUFGCTRL_X0Y16       BUFG (Prop_bufg_I_O)         0.091    13.371 r  CLK100MHZ_IBUF_BUFG_inst/O
                         net (fo=40, routed)          1.511    14.883    tlc/clk_en0/CLK
    SLICE_X1Y29          FDRE                                         r  tlc/clk_en0/s_cnt_local_reg[20]/C
                         clock pessimism              0.273    15.156    
                         clock uncertainty           -0.035    15.120    
    SLICE_X1Y29          FDRE (Setup_fdre_C_R)       -0.429    14.691    tlc/clk_en0/s_cnt_local_reg[20]
  -------------------------------------------------------------------
                         required time                         14.691    
                         arrival time                          -8.981    
  -------------------------------------------------------------------
                         slack                                  5.710    

Slack (MET) :             5.710ns  (required time - arrival time)
  Source:                 tlc/clk_en0/s_cnt_local_reg[5]/C
                            (rising edge-triggered cell FDRE clocked by sys_clk_pin  {rise@0.000ns fall@5.000ns period=10.000ns})
  Destination:            tlc/clk_en0/s_cnt_local_reg[21]/R
                            (rising edge-triggered cell FDRE clocked by sys_clk_pin  {rise@0.000ns fall@5.000ns period=10.000ns})
  Path Group:             sys_clk_pin
  Path Type:              Setup (Max at Slow Process Corner)
  Requirement:            10.000ns  (sys_clk_pin rise@10.000ns - sys_clk_pin rise@0.000ns)
  Data Path Delay:        3.810ns  (logic 0.828ns (21.734%)  route 2.982ns (78.266%))
  Logic Levels:           3  (LUT6=3)
  Clock Path Skew:        -0.016ns (DCD - SCD + CPR)
    Destination Clock Delay (DCD):    4.883ns = ( 14.883 - 10.000 ) 
    Source Clock Delay      (SCD):    5.172ns
    Clock Pessimism Removal (CPR):    0.273ns
  Clock Uncertainty:      0.035ns  ((TSJ^2 + TIJ^2)^1/2 + DJ) / 2 + PE
    Total System Jitter     (TSJ):    0.071ns
    Total Input Jitter      (TIJ):    0.000ns
    Discrete Jitter          (DJ):    0.000ns
    Phase Error              (PE):    0.000ns

    Location             Delay type                Incr(ns)  Path(ns)    Netlist Resource(s)
  -------------------------------------------------------------------    -------------------
                         (clock sys_clk_pin rise edge)
                                                      0.000     0.000 r  
    E3                                                0.000     0.000 r  CLK100MHZ (IN)
                         net (fo=0)                   0.000     0.000    CLK100MHZ
    E3                   IBUF (Prop_ibuf_I_O)         1.489     1.489 r  CLK100MHZ_IBUF_inst/O
                         net (fo=1, routed)           1.967     3.455    CLK100MHZ_IBUF
    BUFGCTRL_X0Y16       BUFG (Prop_bufg_I_O)         0.096     3.551 r  CLK100MHZ_IBUF_BUFG_inst/O
                         net (fo=40, routed)          1.620     5.172    tlc/clk_en0/CLK
    SLICE_X1Y25          FDRE                                         r  tlc/clk_en0/s_cnt_local_reg[5]/C
  -------------------------------------------------------------------    -------------------
    SLICE_X1Y25          FDRE (Prop_fdre_C_Q)         0.456     5.628 r  tlc/clk_en0/s_cnt_local_reg[5]/Q
                         net (fo=2, routed)           0.919     6.547    tlc/clk_en0/s_cnt_local_reg[5]
    SLICE_X0Y24          LUT6 (Prop_lut6_I4_O)        0.124     6.671 r  tlc/clk_en0/s_cnt_local[0]_i_7/O
                         net (fo=1, routed)           0.688     7.359    tlc/clk_en0/s_cnt_local[0]_i_7_n_0
    SLICE_X0Y27          LUT6 (Prop_lut6_I1_O)        0.124     7.483 r  tlc/clk_en0/s_cnt_local[0]_i_5/O
                         net (fo=2, routed)           0.649     8.132    tlc/clk_en0/s_cnt_local[0]_i_5_n_0
    SLICE_X0Y29          LUT6 (Prop_lut6_I5_O)        0.124     8.256 r  tlc/clk_en0/s_cnt_local[0]_i_1/O
                         net (fo=31, routed)          0.726     8.981    tlc/clk_en0/s_cnt_local[0]_i_1_n_0
    SLICE_X1Y29          FDRE                                         r  tlc/clk_en0/s_cnt_local_reg[21]/R
  -------------------------------------------------------------------    -------------------

                         (clock sys_clk_pin rise edge)
                                                     10.000    10.000 r  
    E3                                                0.000    10.000 r  CLK100MHZ (IN)
                         net (fo=0)                   0.000    10.000    CLK100MHZ
    E3                   IBUF (Prop_ibuf_I_O)         1.418    11.418 r  CLK100MHZ_IBUF_inst/O
                         net (fo=1, routed)           1.862    13.280    CLK100MHZ_IBUF
    BUFGCTRL_X0Y16       BUFG (Prop_bufg_I_O)         0.091    13.371 r  CLK100MHZ_IBUF_BUFG_inst/O
                         net (fo=40, routed)          1.511    14.883    tlc/clk_en0/CLK
    SLICE_X1Y29          FDRE                                         r  tlc/clk_en0/s_cnt_local_reg[21]/C
                         clock pessimism              0.273    15.156    
                         clock uncertainty           -0.035    15.120    
    SLICE_X1Y29          FDRE (Setup_fdre_C_R)       -0.429    14.691    tlc/clk_en0/s_cnt_local_reg[21]
  -------------------------------------------------------------------
                         required time                         14.691    
                         arrival time                          -8.981    
  -------------------------------------------------------------------
                         slack                                  5.710    

Slack (MET) :             5.710ns  (required time - arrival time)
  Source:                 tlc/clk_en0/s_cnt_local_reg[5]/C
                            (rising edge-triggered cell FDRE clocked by sys_clk_pin  {rise@0.000ns fall@5.000ns period=10.000ns})
  Destination:            tlc/clk_en0/s_cnt_local_reg[22]/R
                            (rising edge-triggered cell FDRE clocked by sys_clk_pin  {rise@0.000ns fall@5.000ns period=10.000ns})
  Path Group:             sys_clk_pin
  Path Type:              Setup (Max at Slow Process Corner)
  Requirement:            10.000ns  (sys_clk_pin rise@10.000ns - sys_clk_pin rise@0.000ns)
  Data Path Delay:        3.810ns  (logic 0.828ns (21.734%)  route 2.982ns (78.266%))
  Logic Levels:           3  (LUT6=3)
  Clock Path Skew:        -0.016ns (DCD - SCD + CPR)
    Destination Clock Delay (DCD):    4.883ns = ( 14.883 - 10.000 ) 
    Source Clock Delay      (SCD):    5.172ns
    Clock Pessimism Removal (CPR):    0.273ns
  Clock Uncertainty:      0.035ns  ((TSJ^2 + TIJ^2)^1/2 + DJ) / 2 + PE
    Total System Jitter     (TSJ):    0.071ns
    Total Input Jitter      (TIJ):    0.000ns
    Discrete Jitter          (DJ):    0.000ns
    Phase Error              (PE):    0.000ns

    Location             Delay type                Incr(ns)  Path(ns)    Netlist Resource(s)
  -------------------------------------------------------------------    -------------------
                         (clock sys_clk_pin rise edge)
                                                      0.000     0.000 r  
    E3                                                0.000     0.000 r  CLK100MHZ (IN)
                         net (fo=0)                   0.000     0.000    CLK100MHZ
    E3                   IBUF (Prop_ibuf_I_O)         1.489     1.489 r  CLK100MHZ_IBUF_inst/O
                         net (fo=1, routed)           1.967     3.455    CLK100MHZ_IBUF
    BUFGCTRL_X0Y16       BUFG (Prop_bufg_I_O)         0.096     3.551 r  CLK100MHZ_IBUF_BUFG_inst/O
                         net (fo=40, routed)          1.620     5.172    tlc/clk_en0/CLK
    SLICE_X1Y25          FDRE                                         r  tlc/clk_en0/s_cnt_local_reg[5]/C
  -------------------------------------------------------------------    -------------------
    SLICE_X1Y25          FDRE (Prop_fdre_C_Q)         0.456     5.628 r  tlc/clk_en0/s_cnt_local_reg[5]/Q
                         net (fo=2, routed)           0.919     6.547    tlc/clk_en0/s_cnt_local_reg[5]
    SLICE_X0Y24          LUT6 (Prop_lut6_I4_O)        0.124     6.671 r  tlc/clk_en0/s_cnt_local[0]_i_7/O
                         net (fo=1, routed)           0.688     7.359    tlc/clk_en0/s_cnt_local[0]_i_7_n_0
    SLICE_X0Y27          LUT6 (Prop_lut6_I1_O)        0.124     7.483 r  tlc/clk_en0/s_cnt_local[0]_i_5/O
                         net (fo=2, routed)           0.649     8.132    tlc/clk_en0/s_cnt_local[0]_i_5_n_0
    SLICE_X0Y29          LUT6 (Prop_lut6_I5_O)        0.124     8.256 r  tlc/clk_en0/s_cnt_local[0]_i_1/O
                         net (fo=31, routed)          0.726     8.981    tlc/clk_en0/s_cnt_local[0]_i_1_n_0
    SLICE_X1Y29          FDRE                                         r  tlc/clk_en0/s_cnt_local_reg[22]/R
  -------------------------------------------------------------------    -------------------

                         (clock sys_clk_pin rise edge)
                                                     10.000    10.000 r  
    E3                                                0.000    10.000 r  CLK100MHZ (IN)
                         net (fo=0)                   0.000    10.000    CLK100MHZ
    E3                   IBUF (Prop_ibuf_I_O)         1.418    11.418 r  CLK100MHZ_IBUF_inst/O
                         net (fo=1, routed)           1.862    13.280    CLK100MHZ_IBUF
    BUFGCTRL_X0Y16       BUFG (Prop_bufg_I_O)         0.091    13.371 r  CLK100MHZ_IBUF_BUFG_inst/O
                         net (fo=40, routed)          1.511    14.883    tlc/clk_en0/CLK
    SLICE_X1Y29          FDRE                                         r  tlc/clk_en0/s_cnt_local_reg[22]/C
                         clock pessimism              0.273    15.156    
                         clock uncertainty           -0.035    15.120    
    SLICE_X1Y29          FDRE (Setup_fdre_C_R)       -0.429    14.691    tlc/clk_en0/s_cnt_local_reg[22]
  -------------------------------------------------------------------
                         required time                         14.691    
                         arrival time                          -8.981    
  -------------------------------------------------------------------
                         slack                                  5.710    

Slack (MET) :             5.710ns  (required time - arrival time)
  Source:                 tlc/clk_en0/s_cnt_local_reg[5]/C
                            (rising edge-triggered cell FDRE clocked by sys_clk_pin  {rise@0.000ns fall@5.000ns period=10.000ns})
  Destination:            tlc/clk_en0/s_cnt_local_reg[23]/R
                            (rising edge-triggered cell FDRE clocked by sys_clk_pin  {rise@0.000ns fall@5.000ns period=10.000ns})
  Path Group:             sys_clk_pin
  Path Type:              Setup (Max at Slow Process Corner)
  Requirement:            10.000ns  (sys_clk_pin rise@10.000ns - sys_clk_pin rise@0.000ns)
  Data Path Delay:        3.810ns  (logic 0.828ns (21.734%)  route 2.982ns (78.266%))
  Logic Levels:           3  (LUT6=3)
  Clock Path Skew:        -0.016ns (DCD - SCD + CPR)
    Destination Clock Delay (DCD):    4.883ns = ( 14.883 - 10.000 ) 
    Source Clock Delay      (SCD):    5.172ns
    Clock Pessimism Removal (CPR):    0.273ns
  Clock Uncertainty:      0.035ns  ((TSJ^2 + TIJ^2)^1/2 + DJ) / 2 + PE
    Total System Jitter     (TSJ):    0.071ns
    Total Input Jitter      (TIJ):    0.000ns
    Discrete Jitter          (DJ):    0.000ns
    Phase Error              (PE):    0.000ns

    Location             Delay type                Incr(ns)  Path(ns)    Netlist Resource(s)
  -------------------------------------------------------------------    -------------------
                         (clock sys_clk_pin rise edge)
                                                      0.000     0.000 r  
    E3                                                0.000     0.000 r  CLK100MHZ (IN)
                         net (fo=0)                   0.000     0.000    CLK100MHZ
    E3                   IBUF (Prop_ibuf_I_O)         1.489     1.489 r  CLK100MHZ_IBUF_inst/O
                         net (fo=1, routed)           1.967     3.455    CLK100MHZ_IBUF
    BUFGCTRL_X0Y16       BUFG (Prop_bufg_I_O)         0.096     3.551 r  CLK100MHZ_IBUF_BUFG_inst/O
                         net (fo=40, routed)          1.620     5.172    tlc/clk_en0/CLK
    SLICE_X1Y25          FDRE                                         r  tlc/clk_en0/s_cnt_local_reg[5]/C
  -------------------------------------------------------------------    -------------------
    SLICE_X1Y25          FDRE (Prop_fdre_C_Q)         0.456     5.628 r  tlc/clk_en0/s_cnt_local_reg[5]/Q
                         net (fo=2, routed)           0.919     6.547    tlc/clk_en0/s_cnt_local_reg[5]
    SLICE_X0Y24          LUT6 (Prop_lut6_I4_O)        0.124     6.671 r  tlc/clk_en0/s_cnt_local[0]_i_7/O
                         net (fo=1, routed)           0.688     7.359    tlc/clk_en0/s_cnt_local[0]_i_7_n_0
    SLICE_X0Y27          LUT6 (Prop_lut6_I1_O)        0.124     7.483 r  tlc/clk_en0/s_cnt_local[0]_i_5/O
                         net (fo=2, routed)           0.649     8.132    tlc/clk_en0/s_cnt_local[0]_i_5_n_0
    SLICE_X0Y29          LUT6 (Prop_lut6_I5_O)        0.124     8.256 r  tlc/clk_en0/s_cnt_local[0]_i_1/O
                         net (fo=31, routed)          0.726     8.981    tlc/clk_en0/s_cnt_local[0]_i_1_n_0
    SLICE_X1Y29          FDRE                                         r  tlc/clk_en0/s_cnt_local_reg[23]/R
  -------------------------------------------------------------------    -------------------

                         (clock sys_clk_pin rise edge)
                                                     10.000    10.000 r  
    E3                                                0.000    10.000 r  CLK100MHZ (IN)
                         net (fo=0)                   0.000    10.000    CLK100MHZ
    E3                   IBUF (Prop_ibuf_I_O)         1.418    11.418 r  CLK100MHZ_IBUF_inst/O
                         net (fo=1, routed)           1.862    13.280    CLK100MHZ_IBUF
    BUFGCTRL_X0Y16       BUFG (Prop_bufg_I_O)         0.091    13.371 r  CLK100MHZ_IBUF_BUFG_inst/O
                         net (fo=40, routed)          1.511    14.883    tlc/clk_en0/CLK
    SLICE_X1Y29          FDRE                                         r  tlc/clk_en0/s_cnt_local_reg[23]/C
                         clock pessimism              0.273    15.156    
                         clock uncertainty           -0.035    15.120    
    SLICE_X1Y29          FDRE (Setup_fdre_C_R)       -0.429    14.691    tlc/clk_en0/s_cnt_local_reg[23]
  -------------------------------------------------------------------
                         required time                         14.691    
                         arrival time                          -8.981    
  -------------------------------------------------------------------
                         slack                                  5.710    

Slack (MET) :             5.747ns  (required time - arrival time)
  Source:                 tlc/clk_en0/s_cnt_local_reg[5]/C
                            (rising edge-triggered cell FDRE clocked by sys_clk_pin  {rise@0.000ns fall@5.000ns period=10.000ns})
  Destination:            tlc/clk_en0/s_cnt_local_reg[4]/R
                            (rising edge-triggered cell FDRE clocked by sys_clk_pin  {rise@0.000ns fall@5.000ns period=10.000ns})
  Path Group:             sys_clk_pin
  Path Type:              Setup (Max at Slow Process Corner)
  Requirement:            10.000ns  (sys_clk_pin rise@10.000ns - sys_clk_pin rise@0.000ns)
  Data Path Delay:        3.788ns  (logic 0.828ns (21.857%)  route 2.960ns (78.143%))
  Logic Levels:           3  (LUT6=3)
  Clock Path Skew:        0.000ns (DCD - SCD + CPR)
    Destination Clock Delay (DCD):    4.877ns = ( 14.877 - 10.000 ) 
    Source Clock Delay      (SCD):    5.172ns
    Clock Pessimism Removal (CPR):    0.295ns
  Clock Uncertainty:      0.035ns  ((TSJ^2 + TIJ^2)^1/2 + DJ) / 2 + PE
    Total System Jitter     (TSJ):    0.071ns
    Total Input Jitter      (TIJ):    0.000ns
    Discrete Jitter          (DJ):    0.000ns
    Phase Error              (PE):    0.000ns

    Location             Delay type                Incr(ns)  Path(ns)    Netlist Resource(s)
  -------------------------------------------------------------------    -------------------
                         (clock sys_clk_pin rise edge)
                                                      0.000     0.000 r  
    E3                                                0.000     0.000 r  CLK100MHZ (IN)
                         net (fo=0)                   0.000     0.000    CLK100MHZ
    E3                   IBUF (Prop_ibuf_I_O)         1.489     1.489 r  CLK100MHZ_IBUF_inst/O
                         net (fo=1, routed)           1.967     3.455    CLK100MHZ_IBUF
    BUFGCTRL_X0Y16       BUFG (Prop_bufg_I_O)         0.096     3.551 r  CLK100MHZ_IBUF_BUFG_inst/O
                         net (fo=40, routed)          1.620     5.172    tlc/clk_en0/CLK
    SLICE_X1Y25          FDRE                                         r  tlc/clk_en0/s_cnt_local_reg[5]/C
  -------------------------------------------------------------------    -------------------
    SLICE_X1Y25          FDRE (Prop_fdre_C_Q)         0.456     5.628 r  tlc/clk_en0/s_cnt_local_reg[5]/Q
                         net (fo=2, routed)           0.919     6.547    tlc/clk_en0/s_cnt_local_reg[5]
    SLICE_X0Y24          LUT6 (Prop_lut6_I4_O)        0.124     6.671 r  tlc/clk_en0/s_cnt_local[0]_i_7/O
                         net (fo=1, routed)           0.688     7.359    tlc/clk_en0/s_cnt_local[0]_i_7_n_0
    SLICE_X0Y27          LUT6 (Prop_lut6_I1_O)        0.124     7.483 r  tlc/clk_en0/s_cnt_local[0]_i_5/O
                         net (fo=2, routed)           0.649     8.132    tlc/clk_en0/s_cnt_local[0]_i_5_n_0
    SLICE_X0Y29          LUT6 (Prop_lut6_I5_O)        0.124     8.256 r  tlc/clk_en0/s_cnt_local[0]_i_1/O
                         net (fo=31, routed)          0.704     8.960    tlc/clk_en0/s_cnt_local[0]_i_1_n_0
    SLICE_X1Y25          FDRE                                         r  tlc/clk_en0/s_cnt_local_reg[4]/R
  -------------------------------------------------------------------    -------------------

                         (clock sys_clk_pin rise edge)
                                                     10.000    10.000 r  
    E3                                                0.000    10.000 r  CLK100MHZ (IN)
                         net (fo=0)                   0.000    10.000    CLK100MHZ
    E3                   IBUF (Prop_ibuf_I_O)         1.418    11.418 r  CLK100MHZ_IBUF_inst/O
                         net (fo=1, routed)           1.862    13.280    CLK100MHZ_IBUF
    BUFGCTRL_X0Y16       BUFG (Prop_bufg_I_O)         0.091    13.371 r  CLK100MHZ_IBUF_BUFG_inst/O
                         net (fo=40, routed)          1.505    14.877    tlc/clk_en0/CLK
    SLICE_X1Y25          FDRE                                         r  tlc/clk_en0/s_cnt_local_reg[4]/C
                         clock pessimism              0.295    15.172    
                         clock uncertainty           -0.035    15.136    
    SLICE_X1Y25          FDRE (Setup_fdre_C_R)       -0.429    14.707    tlc/clk_en0/s_cnt_local_reg[4]
  -------------------------------------------------------------------
                         required time                         14.707    
                         arrival time                          -8.960    
  -------------------------------------------------------------------
                         slack                                  5.747    

Slack (MET) :             5.747ns  (required time - arrival time)
  Source:                 tlc/clk_en0/s_cnt_local_reg[5]/C
                            (rising edge-triggered cell FDRE clocked by sys_clk_pin  {rise@0.000ns fall@5.000ns period=10.000ns})
  Destination:            tlc/clk_en0/s_cnt_local_reg[5]/R
                            (rising edge-triggered cell FDRE clocked by sys_clk_pin  {rise@0.000ns fall@5.000ns period=10.000ns})
  Path Group:             sys_clk_pin
  Path Type:              Setup (Max at Slow Process Corner)
  Requirement:            10.000ns  (sys_clk_pin rise@10.000ns - sys_clk_pin rise@0.000ns)
  Data Path Delay:        3.788ns  (logic 0.828ns (21.857%)  route 2.960ns (78.143%))
  Logic Levels:           3  (LUT6=3)
  Clock Path Skew:        0.000ns (DCD - SCD + CPR)
    Destination Clock Delay (DCD):    4.877ns = ( 14.877 - 10.000 ) 
    Source Clock Delay      (SCD):    5.172ns
    Clock Pessimism Removal (CPR):    0.295ns
  Clock Uncertainty:      0.035ns  ((TSJ^2 + TIJ^2)^1/2 + DJ) / 2 + PE
    Total System Jitter     (TSJ):    0.071ns
    Total Input Jitter      (TIJ):    0.000ns
    Discrete Jitter          (DJ):    0.000ns
    Phase Error              (PE):    0.000ns

    Location             Delay type                Incr(ns)  Path(ns)    Netlist Resource(s)
  -------------------------------------------------------------------    -------------------
                         (clock sys_clk_pin rise edge)
                                                      0.000     0.000 r  
    E3                                                0.000     0.000 r  CLK100MHZ (IN)
                         net (fo=0)                   0.000     0.000    CLK100MHZ
    E3                   IBUF (Prop_ibuf_I_O)         1.489     1.489 r  CLK100MHZ_IBUF_inst/O
                         net (fo=1, routed)           1.967     3.455    CLK100MHZ_IBUF
    BUFGCTRL_X0Y16       BUFG (Prop_bufg_I_O)         0.096     3.551 r  CLK100MHZ_IBUF_BUFG_inst/O
                         net (fo=40, routed)          1.620     5.172    tlc/clk_en0/CLK
    SLICE_X1Y25          FDRE                                         r  tlc/clk_en0/s_cnt_local_reg[5]/C
  -------------------------------------------------------------------    -------------------
    SLICE_X1Y25          FDRE (Prop_fdre_C_Q)         0.456     5.628 r  tlc/clk_en0/s_cnt_local_reg[5]/Q
                         net (fo=2, routed)           0.919     6.547    tlc/clk_en0/s_cnt_local_reg[5]
    SLICE_X0Y24          LUT6 (Prop_lut6_I4_O)        0.124     6.671 r  tlc/clk_en0/s_cnt_local[0]_i_7/O
                         net (fo=1, routed)           0.688     7.359    tlc/clk_en0/s_cnt_local[0]_i_7_n_0
    SLICE_X0Y27          LUT6 (Prop_lut6_I1_O)        0.124     7.483 r  tlc/clk_en0/s_cnt_local[0]_i_5/O
                         net (fo=2, routed)           0.649     8.132    tlc/clk_en0/s_cnt_local[0]_i_5_n_0
    SLICE_X0Y29          LUT6 (Prop_lut6_I5_O)        0.124     8.256 r  tlc/clk_en0/s_cnt_local[0]_i_1/O
                         net (fo=31, routed)          0.704     8.960    tlc/clk_en0/s_cnt_local[0]_i_1_n_0
    SLICE_X1Y25          FDRE                                         r  tlc/clk_en0/s_cnt_local_reg[5]/R
  -------------------------------------------------------------------    -------------------

                         (clock sys_clk_pin rise edge)
                                                     10.000    10.000 r  
    E3                                                0.000    10.000 r  CLK100MHZ (IN)
                         net (fo=0)                   0.000    10.000    CLK100MHZ
    E3                   IBUF (Prop_ibuf_I_O)         1.418    11.418 r  CLK100MHZ_IBUF_inst/O
                         net (fo=1, routed)           1.862    13.280    CLK100MHZ_IBUF
    BUFGCTRL_X0Y16       BUFG (Prop_bufg_I_O)         0.091    13.371 r  CLK100MHZ_IBUF_BUFG_inst/O
                         net (fo=40, routed)          1.505    14.877    tlc/clk_en0/CLK
    SLICE_X1Y25          FDRE                                         r  tlc/clk_en0/s_cnt_local_reg[5]/C
                         clock pessimism              0.295    15.172    
                         clock uncertainty           -0.035    15.136    
    SLICE_X1Y25          FDRE (Setup_fdre_C_R)       -0.429    14.707    tlc/clk_en0/s_cnt_local_reg[5]
  -------------------------------------------------------------------
                         required time                         14.707    
                         arrival time                          -8.960    
  -------------------------------------------------------------------
                         slack                                  5.747    





Min Delay Paths
--------------------------------------------------------------------------------------
Slack (MET) :             0.227ns  (arrival time - required time)
  Source:                 tlc/s_cnt_reg[0]/C
                            (rising edge-triggered cell FDRE clocked by sys_clk_pin  {rise@0.000ns fall@5.000ns period=10.000ns})
  Destination:            tlc/s_cnt_reg[4]/D
                            (rising edge-triggered cell FDRE clocked by sys_clk_pin  {rise@0.000ns fall@5.000ns period=10.000ns})
  Path Group:             sys_clk_pin
  Path Type:              Hold (Min at Fast Process Corner)
  Requirement:            0.000ns  (sys_clk_pin rise@0.000ns - sys_clk_pin rise@0.000ns)
  Data Path Delay:        0.360ns  (logic 0.209ns (58.048%)  route 0.151ns (41.952%))
  Logic Levels:           1  (LUT6=1)
  Clock Path Skew:        0.013ns (DCD - SCD - CPR)
    Destination Clock Delay (DCD):    2.014ns
    Source Clock Delay      (SCD):    1.501ns
    Clock Pessimism Removal (CPR):    0.500ns

    Location             Delay type                Incr(ns)  Path(ns)    Netlist Resource(s)
  -------------------------------------------------------------------    -------------------
                         (clock sys_clk_pin rise edge)
                                                      0.000     0.000 r  
    E3                                                0.000     0.000 r  CLK100MHZ (IN)
                         net (fo=0)                   0.000     0.000    CLK100MHZ
    E3                   IBUF (Prop_ibuf_I_O)         0.257     0.257 r  CLK100MHZ_IBUF_inst/O
                         net (fo=1, routed)           0.631     0.888    CLK100MHZ_IBUF
    BUFGCTRL_X0Y16       BUFG (Prop_bufg_I_O)         0.026     0.914 r  CLK100MHZ_IBUF_BUFG_inst/O
                         net (fo=40, routed)          0.588     1.501    tlc/CLK
    SLICE_X2Y29          FDRE                                         r  tlc/s_cnt_reg[0]/C
  -------------------------------------------------------------------    -------------------
    SLICE_X2Y29          FDRE (Prop_fdre_C_Q)         0.164     1.665 r  tlc/s_cnt_reg[0]/Q
                         net (fo=5, routed)           0.151     1.816    tlc/s_cnt[0]
    SLICE_X2Y28          LUT6 (Prop_lut6_I3_O)        0.045     1.861 r  tlc/s_cnt[4]_i_1/O
                         net (fo=1, routed)           0.000     1.861    tlc/s_cnt_0[4]
    SLICE_X2Y28          FDRE                                         r  tlc/s_cnt_reg[4]/D
  -------------------------------------------------------------------    -------------------

                         (clock sys_clk_pin rise edge)
                                                      0.000     0.000 r  
    E3                                                0.000     0.000 r  CLK100MHZ (IN)
                         net (fo=0)                   0.000     0.000    CLK100MHZ
    E3                   IBUF (Prop_ibuf_I_O)         0.445     0.445 r  CLK100MHZ_IBUF_inst/O
                         net (fo=1, routed)           0.685     1.129    CLK100MHZ_IBUF
    BUFGCTRL_X0Y16       BUFG (Prop_bufg_I_O)         0.029     1.158 r  CLK100MHZ_IBUF_BUFG_inst/O
                         net (fo=40, routed)          0.856     2.014    tlc/CLK
    SLICE_X2Y28          FDRE                                         r  tlc/s_cnt_reg[4]/C
                         clock pessimism             -0.500     1.514    
    SLICE_X2Y28          FDRE (Hold_fdre_C_D)         0.120     1.634    tlc/s_cnt_reg[4]
  -------------------------------------------------------------------
                         required time                         -1.634    
                         arrival time                           1.861    
  -------------------------------------------------------------------
                         slack                                  0.227    

Slack (MET) :             0.254ns  (arrival time - required time)
  Source:                 tlc/clk_en0/s_cnt_local_reg[24]/C
                            (rising edge-triggered cell FDRE clocked by sys_clk_pin  {rise@0.000ns fall@5.000ns period=10.000ns})
  Destination:            tlc/clk_en0/ce_o_reg/D
                            (rising edge-triggered cell FDRE clocked by sys_clk_pin  {rise@0.000ns fall@5.000ns period=10.000ns})
  Path Group:             sys_clk_pin
  Path Type:              Hold (Min at Fast Process Corner)
  Requirement:            0.000ns  (sys_clk_pin rise@0.000ns - sys_clk_pin rise@0.000ns)
  Data Path Delay:        0.358ns  (logic 0.186ns (51.940%)  route 0.172ns (48.060%))
  Logic Levels:           1  (LUT6=1)
  Clock Path Skew:        0.013ns (DCD - SCD - CPR)
    Destination Clock Delay (DCD):    2.015ns
    Source Clock Delay      (SCD):    1.502ns
    Clock Pessimism Removal (CPR):    0.500ns

    Location             Delay type                Incr(ns)  Path(ns)    Netlist Resource(s)
  -------------------------------------------------------------------    -------------------
                         (clock sys_clk_pin rise edge)
                                                      0.000     0.000 r  
    E3                                                0.000     0.000 r  CLK100MHZ (IN)
                         net (fo=0)                   0.000     0.000    CLK100MHZ
    E3                   IBUF (Prop_ibuf_I_O)         0.257     0.257 r  CLK100MHZ_IBUF_inst/O
                         net (fo=1, routed)           0.631     0.888    CLK100MHZ_IBUF
    BUFGCTRL_X0Y16       BUFG (Prop_bufg_I_O)         0.026     0.914 r  CLK100MHZ_IBUF_BUFG_inst/O
                         net (fo=40, routed)          0.589     1.502    tlc/clk_en0/CLK
    SLICE_X1Y30          FDRE                                         r  tlc/clk_en0/s_cnt_local_reg[24]/C
  -------------------------------------------------------------------    -------------------
    SLICE_X1Y30          FDRE (Prop_fdre_C_Q)         0.141     1.643 r  tlc/clk_en0/s_cnt_local_reg[24]/Q
                         net (fo=3, routed)           0.172     1.815    tlc/clk_en0/s_cnt_local_reg[24]
    SLICE_X0Y29          LUT6 (Prop_lut6_I1_O)        0.045     1.860 r  tlc/clk_en0/ce_o_i_1/O
                         net (fo=1, routed)           0.000     1.860    tlc/clk_en0/ce_o_i_1_n_0
    SLICE_X0Y29          FDRE                                         r  tlc/clk_en0/ce_o_reg/D
  -------------------------------------------------------------------    -------------------

                         (clock sys_clk_pin rise edge)
                                                      0.000     0.000 r  
    E3                                                0.000     0.000 r  CLK100MHZ (IN)
                         net (fo=0)                   0.000     0.000    CLK100MHZ
    E3                   IBUF (Prop_ibuf_I_O)         0.445     0.445 r  CLK100MHZ_IBUF_inst/O
                         net (fo=1, routed)           0.685     1.129    CLK100MHZ_IBUF
    BUFGCTRL_X0Y16       BUFG (Prop_bufg_I_O)         0.029     1.158 r  CLK100MHZ_IBUF_BUFG_inst/O
                         net (fo=40, routed)          0.857     2.015    tlc/clk_en0/CLK
    SLICE_X0Y29          FDRE                                         r  tlc/clk_en0/ce_o_reg/C
                         clock pessimism             -0.500     1.515    
    SLICE_X0Y29          FDRE (Hold_fdre_C_D)         0.091     1.606    tlc/clk_en0/ce_o_reg
  -------------------------------------------------------------------
                         required time                         -1.606    
                         arrival time                           1.860    
  -------------------------------------------------------------------
                         slack                                  0.254    

Slack (MET) :             0.261ns  (arrival time - required time)
  Source:                 tlc/clk_en0/ce_o_reg/C
                            (rising edge-triggered cell FDRE clocked by sys_clk_pin  {rise@0.000ns fall@5.000ns period=10.000ns})
  Destination:            tlc/s_cnt_reg[0]/CE
                            (rising edge-triggered cell FDRE clocked by sys_clk_pin  {rise@0.000ns fall@5.000ns period=10.000ns})
  Path Group:             sys_clk_pin
  Path Type:              Hold (Min at Fast Process Corner)
  Requirement:            0.000ns  (sys_clk_pin rise@0.000ns - sys_clk_pin rise@0.000ns)
  Data Path Delay:        0.259ns  (logic 0.141ns (54.500%)  route 0.118ns (45.500%))
  Logic Levels:           0  
  Clock Path Skew:        0.014ns (DCD - SCD - CPR)
    Destination Clock Delay (DCD):    2.015ns
    Source Clock Delay      (SCD):    1.501ns
    Clock Pessimism Removal (CPR):    0.500ns

    Location             Delay type                Incr(ns)  Path(ns)    Netlist Resource(s)
  -------------------------------------------------------------------    -------------------
                         (clock sys_clk_pin rise edge)
                                                      0.000     0.000 r  
    E3                                                0.000     0.000 r  CLK100MHZ (IN)
                         net (fo=0)                   0.000     0.000    CLK100MHZ
    E3                   IBUF (Prop_ibuf_I_O)         0.257     0.257 r  CLK100MHZ_IBUF_inst/O
                         net (fo=1, routed)           0.631     0.888    CLK100MHZ_IBUF
    BUFGCTRL_X0Y16       BUFG (Prop_bufg_I_O)         0.026     0.914 r  CLK100MHZ_IBUF_BUFG_inst/O
                         net (fo=40, routed)          0.588     1.501    tlc/clk_en0/CLK
    SLICE_X0Y29          FDRE                                         r  tlc/clk_en0/ce_o_reg/C
  -------------------------------------------------------------------    -------------------
    SLICE_X0Y29          FDRE (Prop_fdre_C_Q)         0.141     1.642 r  tlc/clk_en0/ce_o_reg/Q
                         net (fo=6, routed)           0.118     1.760    tlc/s_en
    SLICE_X2Y29          FDRE                                         r  tlc/s_cnt_reg[0]/CE
  -------------------------------------------------------------------    -------------------

                         (clock sys_clk_pin rise edge)
                                                      0.000     0.000 r  
    E3                                                0.000     0.000 r  CLK100MHZ (IN)
                         net (fo=0)                   0.000     0.000    CLK100MHZ
    E3                   IBUF (Prop_ibuf_I_O)         0.445     0.445 r  CLK100MHZ_IBUF_inst/O
                         net (fo=1, routed)           0.685     1.129    CLK100MHZ_IBUF
    BUFGCTRL_X0Y16       BUFG (Prop_bufg_I_O)         0.029     1.158 r  CLK100MHZ_IBUF_BUFG_inst/O
                         net (fo=40, routed)          0.857     2.015    tlc/CLK
    SLICE_X2Y29          FDRE                                         r  tlc/s_cnt_reg[0]/C
                         clock pessimism             -0.500     1.515    
    SLICE_X2Y29          FDRE (Hold_fdre_C_CE)       -0.016     1.499    tlc/s_cnt_reg[0]
  -------------------------------------------------------------------
                         required time                         -1.499    
                         arrival time                           1.760    
  -------------------------------------------------------------------
                         slack                                  0.261    

Slack (MET) :             0.261ns  (arrival time - required time)
  Source:                 tlc/clk_en0/ce_o_reg/C
                            (rising edge-triggered cell FDRE clocked by sys_clk_pin  {rise@0.000ns fall@5.000ns period=10.000ns})
  Destination:            tlc/s_cnt_reg[1]/CE
                            (rising edge-triggered cell FDRE clocked by sys_clk_pin  {rise@0.000ns fall@5.000ns period=10.000ns})
  Path Group:             sys_clk_pin
  Path Type:              Hold (Min at Fast Process Corner)
  Requirement:            0.000ns  (sys_clk_pin rise@0.000ns - sys_clk_pin rise@0.000ns)
  Data Path Delay:        0.259ns  (logic 0.141ns (54.500%)  route 0.118ns (45.500%))
  Logic Levels:           0  
  Clock Path Skew:        0.014ns (DCD - SCD - CPR)
    Destination Clock Delay (DCD):    2.015ns
    Source Clock Delay      (SCD):    1.501ns
    Clock Pessimism Removal (CPR):    0.500ns

    Location             Delay type                Incr(ns)  Path(ns)    Netlist Resource(s)
  -------------------------------------------------------------------    -------------------
                         (clock sys_clk_pin rise edge)
                                                      0.000     0.000 r  
    E3                                                0.000     0.000 r  CLK100MHZ (IN)
                         net (fo=0)                   0.000     0.000    CLK100MHZ
    E3                   IBUF (Prop_ibuf_I_O)         0.257     0.257 r  CLK100MHZ_IBUF_inst/O
                         net (fo=1, routed)           0.631     0.888    CLK100MHZ_IBUF
    BUFGCTRL_X0Y16       BUFG (Prop_bufg_I_O)         0.026     0.914 r  CLK100MHZ_IBUF_BUFG_inst/O
                         net (fo=40, routed)          0.588     1.501    tlc/clk_en0/CLK
    SLICE_X0Y29          FDRE                                         r  tlc/clk_en0/ce_o_reg/C
  -------------------------------------------------------------------    -------------------
    SLICE_X0Y29          FDRE (Prop_fdre_C_Q)         0.141     1.642 r  tlc/clk_en0/ce_o_reg/Q
                         net (fo=6, routed)           0.118     1.760    tlc/s_en
    SLICE_X2Y29          FDRE                                         r  tlc/s_cnt_reg[1]/CE
  -------------------------------------------------------------------    -------------------

                         (clock sys_clk_pin rise edge)
                                                      0.000     0.000 r  
    E3                                                0.000     0.000 r  CLK100MHZ (IN)
                         net (fo=0)                   0.000     0.000    CLK100MHZ
    E3                   IBUF (Prop_ibuf_I_O)         0.445     0.445 r  CLK100MHZ_IBUF_inst/O
                         net (fo=1, routed)           0.685     1.129    CLK100MHZ_IBUF
    BUFGCTRL_X0Y16       BUFG (Prop_bufg_I_O)         0.029     1.158 r  CLK100MHZ_IBUF_BUFG_inst/O
                         net (fo=40, routed)          0.857     2.015    tlc/CLK
    SLICE_X2Y29          FDRE                                         r  tlc/s_cnt_reg[1]/C
                         clock pessimism             -0.500     1.515    
    SLICE_X2Y29          FDRE (Hold_fdre_C_CE)       -0.016     1.499    tlc/s_cnt_reg[1]
  -------------------------------------------------------------------
                         required time                         -1.499    
                         arrival time                           1.760    
  -------------------------------------------------------------------
                         slack                                  0.261    

Slack (MET) :             0.261ns  (arrival time - required time)
  Source:                 tlc/clk_en0/ce_o_reg/C
                            (rising edge-triggered cell FDRE clocked by sys_clk_pin  {rise@0.000ns fall@5.000ns period=10.000ns})
  Destination:            tlc/s_cnt_reg[2]/CE
                            (rising edge-triggered cell FDRE clocked by sys_clk_pin  {rise@0.000ns fall@5.000ns period=10.000ns})
  Path Group:             sys_clk_pin
  Path Type:              Hold (Min at Fast Process Corner)
  Requirement:            0.000ns  (sys_clk_pin rise@0.000ns - sys_clk_pin rise@0.000ns)
  Data Path Delay:        0.259ns  (logic 0.141ns (54.500%)  route 0.118ns (45.500%))
  Logic Levels:           0  
  Clock Path Skew:        0.014ns (DCD - SCD - CPR)
    Destination Clock Delay (DCD):    2.015ns
    Source Clock Delay      (SCD):    1.501ns
    Clock Pessimism Removal (CPR):    0.500ns

    Location             Delay type                Incr(ns)  Path(ns)    Netlist Resource(s)
  -------------------------------------------------------------------    -------------------
                         (clock sys_clk_pin rise edge)
                                                      0.000     0.000 r  
    E3                                                0.000     0.000 r  CLK100MHZ (IN)
                         net (fo=0)                   0.000     0.000    CLK100MHZ
    E3                   IBUF (Prop_ibuf_I_O)         0.257     0.257 r  CLK100MHZ_IBUF_inst/O
                         net (fo=1, routed)           0.631     0.888    CLK100MHZ_IBUF
    BUFGCTRL_X0Y16       BUFG (Prop_bufg_I_O)         0.026     0.914 r  CLK100MHZ_IBUF_BUFG_inst/O
                         net (fo=40, routed)          0.588     1.501    tlc/clk_en0/CLK
    SLICE_X0Y29          FDRE                                         r  tlc/clk_en0/ce_o_reg/C
  -------------------------------------------------------------------    -------------------
    SLICE_X0Y29          FDRE (Prop_fdre_C_Q)         0.141     1.642 r  tlc/clk_en0/ce_o_reg/Q
                         net (fo=6, routed)           0.118     1.760    tlc/s_en
    SLICE_X2Y29          FDRE                                         r  tlc/s_cnt_reg[2]/CE
  -------------------------------------------------------------------    -------------------

                         (clock sys_clk_pin rise edge)
                                                      0.000     0.000 r  
    E3                                                0.000     0.000 r  CLK100MHZ (IN)
                         net (fo=0)                   0.000     0.000    CLK100MHZ
    E3                   IBUF (Prop_ibuf_I_O)         0.445     0.445 r  CLK100MHZ_IBUF_inst/O
                         net (fo=1, routed)           0.685     1.129    CLK100MHZ_IBUF
    BUFGCTRL_X0Y16       BUFG (Prop_bufg_I_O)         0.029     1.158 r  CLK100MHZ_IBUF_BUFG_inst/O
                         net (fo=40, routed)          0.857     2.015    tlc/CLK
    SLICE_X2Y29          FDRE                                         r  tlc/s_cnt_reg[2]/C
                         clock pessimism             -0.500     1.515    
    SLICE_X2Y29          FDRE (Hold_fdre_C_CE)       -0.016     1.499    tlc/s_cnt_reg[2]
  -------------------------------------------------------------------
                         required time                         -1.499    
                         arrival time                           1.760    
  -------------------------------------------------------------------
                         slack                                  0.261    

Slack (MET) :             0.261ns  (arrival time - required time)
  Source:                 tlc/clk_en0/s_cnt_local_reg[15]/C
                            (rising edge-triggered cell FDRE clocked by sys_clk_pin  {rise@0.000ns fall@5.000ns period=10.000ns})
  Destination:            tlc/clk_en0/s_cnt_local_reg[15]/D
                            (rising edge-triggered cell FDRE clocked by sys_clk_pin  {rise@0.000ns fall@5.000ns period=10.000ns})
  Path Group:             sys_clk_pin
  Path Type:              Hold (Min at Fast Process Corner)
  Requirement:            0.000ns  (sys_clk_pin rise@0.000ns - sys_clk_pin rise@0.000ns)
  Data Path Delay:        0.366ns  (logic 0.249ns (67.994%)  route 0.117ns (32.006%))
  Logic Levels:           1  (CARRY4=1)
  Clock Path Skew:        0.000ns (DCD - SCD - CPR)
    Destination Clock Delay (DCD):    2.013ns
    Source Clock Delay      (SCD):    1.500ns
    Clock Pessimism Removal (CPR):    0.513ns

    Location             Delay type                Incr(ns)  Path(ns)    Netlist Resource(s)
  -------------------------------------------------------------------    -------------------
                         (clock sys_clk_pin rise edge)
                                                      0.000     0.000 r  
    E3                                                0.000     0.000 r  CLK100MHZ (IN)
                         net (fo=0)                   0.000     0.000    CLK100MHZ
    E3                   IBUF (Prop_ibuf_I_O)         0.257     0.257 r  CLK100MHZ_IBUF_inst/O
                         net (fo=1, routed)           0.631     0.888    CLK100MHZ_IBUF
    BUFGCTRL_X0Y16       BUFG (Prop_bufg_I_O)         0.026     0.914 r  CLK100MHZ_IBUF_BUFG_inst/O
                         net (fo=40, routed)          0.587     1.500    tlc/clk_en0/CLK
    SLICE_X1Y27          FDRE                                         r  tlc/clk_en0/s_cnt_local_reg[15]/C
  -------------------------------------------------------------------    -------------------
    SLICE_X1Y27          FDRE (Prop_fdre_C_Q)         0.141     1.641 r  tlc/clk_en0/s_cnt_local_reg[15]/Q
                         net (fo=2, routed)           0.117     1.759    tlc/clk_en0/s_cnt_local_reg[15]
    SLICE_X1Y27          CARRY4 (Prop_carry4_S[3]_O[3])
                                                      0.108     1.867 r  tlc/clk_en0/s_cnt_local_reg[12]_i_1/O[3]
                         net (fo=1, routed)           0.000     1.867    tlc/clk_en0/s_cnt_local_reg[12]_i_1_n_4
    SLICE_X1Y27          FDRE                                         r  tlc/clk_en0/s_cnt_local_reg[15]/D
  -------------------------------------------------------------------    -------------------

                         (clock sys_clk_pin rise edge)
                                                      0.000     0.000 r  
    E3                                                0.000     0.000 r  CLK100MHZ (IN)
                         net (fo=0)                   0.000     0.000    CLK100MHZ
    E3                   IBUF (Prop_ibuf_I_O)         0.445     0.445 r  CLK100MHZ_IBUF_inst/O
                         net (fo=1, routed)           0.685     1.129    CLK100MHZ_IBUF
    BUFGCTRL_X0Y16       BUFG (Prop_bufg_I_O)         0.029     1.158 r  CLK100MHZ_IBUF_BUFG_inst/O
                         net (fo=40, routed)          0.855     2.013    tlc/clk_en0/CLK
    SLICE_X1Y27          FDRE                                         r  tlc/clk_en0/s_cnt_local_reg[15]/C
                         clock pessimism             -0.513     1.500    
    SLICE_X1Y27          FDRE (Hold_fdre_C_D)         0.105     1.605    tlc/clk_en0/s_cnt_local_reg[15]
  -------------------------------------------------------------------
                         required time                         -1.605    
                         arrival time                           1.867    
  -------------------------------------------------------------------
                         slack                                  0.261    

Slack (MET) :             0.261ns  (arrival time - required time)
  Source:                 tlc/clk_en0/s_cnt_local_reg[3]/C
                            (rising edge-triggered cell FDRE clocked by sys_clk_pin  {rise@0.000ns fall@5.000ns period=10.000ns})
  Destination:            tlc/clk_en0/s_cnt_local_reg[3]/D
                            (rising edge-triggered cell FDRE clocked by sys_clk_pin  {rise@0.000ns fall@5.000ns period=10.000ns})
  Path Group:             sys_clk_pin
  Path Type:              Hold (Min at Fast Process Corner)
  Requirement:            0.000ns  (sys_clk_pin rise@0.000ns - sys_clk_pin rise@0.000ns)
  Data Path Delay:        0.366ns  (logic 0.249ns (67.994%)  route 0.117ns (32.006%))
  Logic Levels:           1  (CARRY4=1)
  Clock Path Skew:        0.000ns (DCD - SCD - CPR)
    Destination Clock Delay (DCD):    2.010ns
    Source Clock Delay      (SCD):    1.497ns
    Clock Pessimism Removal (CPR):    0.513ns

    Location             Delay type                Incr(ns)  Path(ns)    Netlist Resource(s)
  -------------------------------------------------------------------    -------------------
                         (clock sys_clk_pin rise edge)
                                                      0.000     0.000 r  
    E3                                                0.000     0.000 r  CLK100MHZ (IN)
                         net (fo=0)                   0.000     0.000    CLK100MHZ
    E3                   IBUF (Prop_ibuf_I_O)         0.257     0.257 r  CLK100MHZ_IBUF_inst/O
                         net (fo=1, routed)           0.631     0.888    CLK100MHZ_IBUF
    BUFGCTRL_X0Y16       BUFG (Prop_bufg_I_O)         0.026     0.914 r  CLK100MHZ_IBUF_BUFG_inst/O
                         net (fo=40, routed)          0.584     1.497    tlc/clk_en0/CLK
    SLICE_X1Y24          FDRE                                         r  tlc/clk_en0/s_cnt_local_reg[3]/C
  -------------------------------------------------------------------    -------------------
    SLICE_X1Y24          FDRE (Prop_fdre_C_Q)         0.141     1.638 r  tlc/clk_en0/s_cnt_local_reg[3]/Q
                         net (fo=2, routed)           0.117     1.756    tlc/clk_en0/s_cnt_local_reg[3]
    SLICE_X1Y24          CARRY4 (Prop_carry4_S[3]_O[3])
                                                      0.108     1.864 r  tlc/clk_en0/s_cnt_local_reg[0]_i_2/O[3]
                         net (fo=1, routed)           0.000     1.864    tlc/clk_en0/s_cnt_local_reg[0]_i_2_n_4
    SLICE_X1Y24          FDRE                                         r  tlc/clk_en0/s_cnt_local_reg[3]/D
  -------------------------------------------------------------------    -------------------

                         (clock sys_clk_pin rise edge)
                                                      0.000     0.000 r  
    E3                                                0.000     0.000 r  CLK100MHZ (IN)
                         net (fo=0)                   0.000     0.000    CLK100MHZ
    E3                   IBUF (Prop_ibuf_I_O)         0.445     0.445 r  CLK100MHZ_IBUF_inst/O
                         net (fo=1, routed)           0.685     1.129    CLK100MHZ_IBUF
    BUFGCTRL_X0Y16       BUFG (Prop_bufg_I_O)         0.029     1.158 r  CLK100MHZ_IBUF_BUFG_inst/O
                         net (fo=40, routed)          0.852     2.010    tlc/clk_en0/CLK
    SLICE_X1Y24          FDRE                                         r  tlc/clk_en0/s_cnt_local_reg[3]/C
                         clock pessimism             -0.513     1.497    
    SLICE_X1Y24          FDRE (Hold_fdre_C_D)         0.105     1.602    tlc/clk_en0/s_cnt_local_reg[3]
  -------------------------------------------------------------------
                         required time                         -1.602    
                         arrival time                           1.864    
  -------------------------------------------------------------------
                         slack                                  0.261    

Slack (MET) :             0.261ns  (arrival time - required time)
  Source:                 tlc/clk_en0/s_cnt_local_reg[27]/C
                            (rising edge-triggered cell FDRE clocked by sys_clk_pin  {rise@0.000ns fall@5.000ns period=10.000ns})
  Destination:            tlc/clk_en0/s_cnt_local_reg[27]/D
                            (rising edge-triggered cell FDRE clocked by sys_clk_pin  {rise@0.000ns fall@5.000ns period=10.000ns})
  Path Group:             sys_clk_pin
  Path Type:              Hold (Min at Fast Process Corner)
  Requirement:            0.000ns  (sys_clk_pin rise@0.000ns - sys_clk_pin rise@0.000ns)
  Data Path Delay:        0.366ns  (logic 0.249ns (67.994%)  route 0.117ns (32.006%))
  Logic Levels:           1  (CARRY4=1)
  Clock Path Skew:        0.000ns (DCD - SCD - CPR)
    Destination Clock Delay (DCD):    2.016ns
    Source Clock Delay      (SCD):    1.502ns
    Clock Pessimism Removal (CPR):    0.514ns

    Location             Delay type                Incr(ns)  Path(ns)    Netlist Resource(s)
  -------------------------------------------------------------------    -------------------
                         (clock sys_clk_pin rise edge)
                                                      0.000     0.000 r  
    E3                                                0.000     0.000 r  CLK100MHZ (IN)
                         net (fo=0)                   0.000     0.000    CLK100MHZ
    E3                   IBUF (Prop_ibuf_I_O)         0.257     0.257 r  CLK100MHZ_IBUF_inst/O
                         net (fo=1, routed)           0.631     0.888    CLK100MHZ_IBUF
    BUFGCTRL_X0Y16       BUFG (Prop_bufg_I_O)         0.026     0.914 r  CLK100MHZ_IBUF_BUFG_inst/O
                         net (fo=40, routed)          0.589     1.502    tlc/clk_en0/CLK
    SLICE_X1Y30          FDRE                                         r  tlc/clk_en0/s_cnt_local_reg[27]/C
  -------------------------------------------------------------------    -------------------
    SLICE_X1Y30          FDRE (Prop_fdre_C_Q)         0.141     1.643 r  tlc/clk_en0/s_cnt_local_reg[27]/Q
                         net (fo=2, routed)           0.117     1.761    tlc/clk_en0/s_cnt_local_reg[27]
    SLICE_X1Y30          CARRY4 (Prop_carry4_S[3]_O[3])
                                                      0.108     1.869 r  tlc/clk_en0/s_cnt_local_reg[24]_i_1/O[3]
                         net (fo=1, routed)           0.000     1.869    tlc/clk_en0/s_cnt_local_reg[24]_i_1_n_4
    SLICE_X1Y30          FDRE                                         r  tlc/clk_en0/s_cnt_local_reg[27]/D
  -------------------------------------------------------------------    -------------------

                         (clock sys_clk_pin rise edge)
                                                      0.000     0.000 r  
    E3                                                0.000     0.000 r  CLK100MHZ (IN)
                         net (fo=0)                   0.000     0.000    CLK100MHZ
    E3                   IBUF (Prop_ibuf_I_O)         0.445     0.445 r  CLK100MHZ_IBUF_inst/O
                         net (fo=1, routed)           0.685     1.129    CLK100MHZ_IBUF
    BUFGCTRL_X0Y16       BUFG (Prop_bufg_I_O)         0.029     1.158 r  CLK100MHZ_IBUF_BUFG_inst/O
                         net (fo=40, routed)          0.858     2.016    tlc/clk_en0/CLK
    SLICE_X1Y30          FDRE                                         r  tlc/clk_en0/s_cnt_local_reg[27]/C
                         clock pessimism             -0.514     1.502    
    SLICE_X1Y30          FDRE (Hold_fdre_C_D)         0.105     1.607    tlc/clk_en0/s_cnt_local_reg[27]
  -------------------------------------------------------------------
                         required time                         -1.607    
                         arrival time                           1.869    
  -------------------------------------------------------------------
                         slack                                  0.261    

Slack (MET) :             0.264ns  (arrival time - required time)
  Source:                 tlc/clk_en0/s_cnt_local_reg[7]/C
                            (rising edge-triggered cell FDRE clocked by sys_clk_pin  {rise@0.000ns fall@5.000ns period=10.000ns})
  Destination:            tlc/clk_en0/s_cnt_local_reg[7]/D
                            (rising edge-triggered cell FDRE clocked by sys_clk_pin  {rise@0.000ns fall@5.000ns period=10.000ns})
  Path Group:             sys_clk_pin
  Path Type:              Hold (Min at Fast Process Corner)
  Requirement:            0.000ns  (sys_clk_pin rise@0.000ns - sys_clk_pin rise@0.000ns)
  Data Path Delay:        0.369ns  (logic 0.249ns (67.424%)  route 0.120ns (32.576%))
  Logic Levels:           1  (CARRY4=1)
  Clock Path Skew:        0.000ns (DCD - SCD - CPR)
    Destination Clock Delay (DCD):    2.010ns
    Source Clock Delay      (SCD):    1.497ns
    Clock Pessimism Removal (CPR):    0.513ns

    Location             Delay type                Incr(ns)  Path(ns)    Netlist Resource(s)
  -------------------------------------------------------------------    -------------------
                         (clock sys_clk_pin rise edge)
                                                      0.000     0.000 r  
    E3                                                0.000     0.000 r  CLK100MHZ (IN)
                         net (fo=0)                   0.000     0.000    CLK100MHZ
    E3                   IBUF (Prop_ibuf_I_O)         0.257     0.257 r  CLK100MHZ_IBUF_inst/O
                         net (fo=1, routed)           0.631     0.888    CLK100MHZ_IBUF
    BUFGCTRL_X0Y16       BUFG (Prop_bufg_I_O)         0.026     0.914 r  CLK100MHZ_IBUF_BUFG_inst/O
                         net (fo=40, routed)          0.584     1.497    tlc/clk_en0/CLK
    SLICE_X1Y25          FDRE                                         r  tlc/clk_en0/s_cnt_local_reg[7]/C
  -------------------------------------------------------------------    -------------------
    SLICE_X1Y25          FDRE (Prop_fdre_C_Q)         0.141     1.638 r  tlc/clk_en0/s_cnt_local_reg[7]/Q
                         net (fo=2, routed)           0.120     1.759    tlc/clk_en0/s_cnt_local_reg[7]
    SLICE_X1Y25          CARRY4 (Prop_carry4_S[3]_O[3])
                                                      0.108     1.867 r  tlc/clk_en0/s_cnt_local_reg[4]_i_1/O[3]
                         net (fo=1, routed)           0.000     1.867    tlc/clk_en0/s_cnt_local_reg[4]_i_1_n_4
    SLICE_X1Y25          FDRE                                         r  tlc/clk_en0/s_cnt_local_reg[7]/D
  -------------------------------------------------------------------    -------------------

                         (clock sys_clk_pin rise edge)
                                                      0.000     0.000 r  
    E3                                                0.000     0.000 r  CLK100MHZ (IN)
                         net (fo=0)                   0.000     0.000    CLK100MHZ
    E3                   IBUF (Prop_ibuf_I_O)         0.445     0.445 r  CLK100MHZ_IBUF_inst/O
                         net (fo=1, routed)           0.685     1.129    CLK100MHZ_IBUF
    BUFGCTRL_X0Y16       BUFG (Prop_bufg_I_O)         0.029     1.158 r  CLK100MHZ_IBUF_BUFG_inst/O
                         net (fo=40, routed)          0.852     2.010    tlc/clk_en0/CLK
    SLICE_X1Y25          FDRE                                         r  tlc/clk_en0/s_cnt_local_reg[7]/C
                         clock pessimism             -0.513     1.497    
    SLICE_X1Y25          FDRE (Hold_fdre_C_D)         0.105     1.602    tlc/clk_en0/s_cnt_local_reg[7]
  -------------------------------------------------------------------
                         required time                         -1.602    
                         arrival time                           1.867    
  -------------------------------------------------------------------
                         slack                                  0.264    

Slack (MET) :             0.264ns  (arrival time - required time)
  Source:                 tlc/clk_en0/s_cnt_local_reg[11]/C
                            (rising edge-triggered cell FDRE clocked by sys_clk_pin  {rise@0.000ns fall@5.000ns period=10.000ns})
  Destination:            tlc/clk_en0/s_cnt_local_reg[11]/D
                            (rising edge-triggered cell FDRE clocked by sys_clk_pin  {rise@0.000ns fall@5.000ns period=10.000ns})
  Path Group:             sys_clk_pin
  Path Type:              Hold (Min at Fast Process Corner)
  Requirement:            0.000ns  (sys_clk_pin rise@0.000ns - sys_clk_pin rise@0.000ns)
  Data Path Delay:        0.369ns  (logic 0.249ns (67.424%)  route 0.120ns (32.576%))
  Logic Levels:           1  (CARRY4=1)
  Clock Path Skew:        0.000ns (DCD - SCD - CPR)
    Destination Clock Delay (DCD):    2.011ns
    Source Clock Delay      (SCD):    1.498ns
    Clock Pessimism Removal (CPR):    0.513ns

    Location             Delay type                Incr(ns)  Path(ns)    Netlist Resource(s)
  -------------------------------------------------------------------    -------------------
                         (clock sys_clk_pin rise edge)
                                                      0.000     0.000 r  
    E3                                                0.000     0.000 r  CLK100MHZ (IN)
                         net (fo=0)                   0.000     0.000    CLK100MHZ
    E3                   IBUF (Prop_ibuf_I_O)         0.257     0.257 r  CLK100MHZ_IBUF_inst/O
                         net (fo=1, routed)           0.631     0.888    CLK100MHZ_IBUF
    BUFGCTRL_X0Y16       BUFG (Prop_bufg_I_O)         0.026     0.914 r  CLK100MHZ_IBUF_BUFG_inst/O
                         net (fo=40, routed)          0.585     1.498    tlc/clk_en0/CLK
    SLICE_X1Y26          FDRE                                         r  tlc/clk_en0/s_cnt_local_reg[11]/C
  -------------------------------------------------------------------    -------------------
    SLICE_X1Y26          FDRE (Prop_fdre_C_Q)         0.141     1.639 r  tlc/clk_en0/s_cnt_local_reg[11]/Q
                         net (fo=2, routed)           0.120     1.760    tlc/clk_en0/s_cnt_local_reg[11]
    SLICE_X1Y26          CARRY4 (Prop_carry4_S[3]_O[3])
                                                      0.108     1.868 r  tlc/clk_en0/s_cnt_local_reg[8]_i_1/O[3]
                         net (fo=1, routed)           0.000     1.868    tlc/clk_en0/s_cnt_local_reg[8]_i_1_n_4
    SLICE_X1Y26          FDRE                                         r  tlc/clk_en0/s_cnt_local_reg[11]/D
  -------------------------------------------------------------------    -------------------

                         (clock sys_clk_pin rise edge)
                                                      0.000     0.000 r  
    E3                                                0.000     0.000 r  CLK100MHZ (IN)
                         net (fo=0)                   0.000     0.000    CLK100MHZ
    E3                   IBUF (Prop_ibuf_I_O)         0.445     0.445 r  CLK100MHZ_IBUF_inst/O
                         net (fo=1, routed)           0.685     1.129    CLK100MHZ_IBUF
    BUFGCTRL_X0Y16       BUFG (Prop_bufg_I_O)         0.029     1.158 r  CLK100MHZ_IBUF_BUFG_inst/O
                         net (fo=40, routed)          0.853     2.011    tlc/clk_en0/CLK
    SLICE_X1Y26          FDRE                                         r  tlc/clk_en0/s_cnt_local_reg[11]/C
                         clock pessimism             -0.513     1.498    
    SLICE_X1Y26          FDRE (Hold_fdre_C_D)         0.105     1.603    tlc/clk_en0/s_cnt_local_reg[11]
  -------------------------------------------------------------------
                         required time                         -1.603    
                         arrival time                           1.868    
  -------------------------------------------------------------------
                         slack                                  0.264    





Pulse Width Checks
--------------------------------------------------------------------------------------
Clock Name:         sys_clk_pin
Waveform(ns):       { 0.000 5.000 }
Period(ns):         10.000
Sources:            { CLK100MHZ }

Check Type        Corner  Lib Pin  Reference Pin  Required(ns)  Actual(ns)  Slack(ns)  Location        Pin
Min Period        n/a     BUFG/I   n/a            2.155         10.000      7.845      BUFGCTRL_X0Y16  CLK100MHZ_IBUF_BUFG_inst/I
Min Period        n/a     FDRE/C   n/a            1.000         10.000      9.000      SLICE_X2Y27     tlc/FSM_sequential_s_state_reg[0]/C
Min Period        n/a     FDRE/C   n/a            1.000         10.000      9.000      SLICE_X2Y27     tlc/FSM_sequential_s_state_reg[1]/C
Min Period        n/a     FDRE/C   n/a            1.000         10.000      9.000      SLICE_X2Y27     tlc/FSM_sequential_s_state_reg[2]/C
Min Period        n/a     FDRE/C   n/a            1.000         10.000      9.000      SLICE_X0Y29     tlc/clk_en0/ce_o_reg/C
Min Period        n/a     FDRE/C   n/a            1.000         10.000      9.000      SLICE_X1Y24     tlc/clk_en0/s_cnt_local_reg[0]/C
Min Period        n/a     FDRE/C   n/a            1.000         10.000      9.000      SLICE_X1Y26     tlc/clk_en0/s_cnt_local_reg[10]/C
Min Period        n/a     FDRE/C   n/a            1.000         10.000      9.000      SLICE_X1Y26     tlc/clk_en0/s_cnt_local_reg[11]/C
Min Period        n/a     FDRE/C   n/a            1.000         10.000      9.000      SLICE_X1Y27     tlc/clk_en0/s_cnt_local_reg[12]/C
Min Period        n/a     FDRE/C   n/a            1.000         10.000      9.000      SLICE_X1Y27     tlc/clk_en0/s_cnt_local_reg[13]/C
Low Pulse Width   Fast    FDRE/C   n/a            0.500         5.000       4.500      SLICE_X1Y24     tlc/clk_en0/s_cnt_local_reg[0]/C
Low Pulse Width   Fast    FDRE/C   n/a            0.500         5.000       4.500      SLICE_X1Y26     tlc/clk_en0/s_cnt_local_reg[10]/C
Low Pulse Width   Fast    FDRE/C   n/a            0.500         5.000       4.500      SLICE_X1Y26     tlc/clk_en0/s_cnt_local_reg[11]/C
Low Pulse Width   Fast    FDRE/C   n/a            0.500         5.000       4.500      SLICE_X1Y24     tlc/clk_en0/s_cnt_local_reg[1]/C
Low Pulse Width   Fast    FDRE/C   n/a            0.500         5.000       4.500      SLICE_X1Y30     tlc/clk_en0/s_cnt_local_reg[24]/C
Low Pulse Width   Fast    FDRE/C   n/a            0.500         5.000       4.500      SLICE_X1Y30     tlc/clk_en0/s_cnt_local_reg[25]/C
Low Pulse Width   Fast    FDRE/C   n/a            0.500         5.000       4.500      SLICE_X1Y30     tlc/clk_en0/s_cnt_local_reg[26]/C
Low Pulse Width   Fast    FDRE/C   n/a            0.500         5.000       4.500      SLICE_X1Y30     tlc/clk_en0/s_cnt_local_reg[27]/C
Low Pulse Width   Fast    FDRE/C   n/a            0.500         5.000       4.500      SLICE_X1Y31     tlc/clk_en0/s_cnt_local_reg[28]/C
Low Pulse Width   Fast    FDRE/C   n/a            0.500         5.000       4.500      SLICE_X1Y31     tlc/clk_en0/s_cnt_local_reg[29]/C
High Pulse Width  Slow    FDRE/C   n/a            0.500         5.000       4.500      SLICE_X1Y24     tlc/clk_en0/s_cnt_local_reg[0]/C
High Pulse Width  Slow    FDRE/C   n/a            0.500         5.000       4.500      SLICE_X1Y24     tlc/clk_en0/s_cnt_local_reg[1]/C
High Pulse Width  Slow    FDRE/C   n/a            0.500         5.000       4.500      SLICE_X1Y31     tlc/clk_en0/s_cnt_local_reg[28]/C
High Pulse Width  Slow    FDRE/C   n/a            0.500         5.000       4.500      SLICE_X1Y31     tlc/clk_en0/s_cnt_local_reg[29]/C
High Pulse Width  Slow    FDRE/C   n/a            0.500         5.000       4.500      SLICE_X1Y24     tlc/clk_en0/s_cnt_local_reg[2]/C
High Pulse Width  Slow    FDRE/C   n/a            0.500         5.000       4.500      SLICE_X1Y31     tlc/clk_en0/s_cnt_local_reg[30]/C
High Pulse Width  Slow    FDRE/C   n/a            0.500         5.000       4.500      SLICE_X1Y24     tlc/clk_en0/s_cnt_local_reg[3]/C
High Pulse Width  Slow    FDRE/C   n/a            0.500         5.000       4.500      SLICE_X1Y25     tlc/clk_en0/s_cnt_local_reg[4]/C
High Pulse Width  Slow    FDRE/C   n/a            0.500         5.000       4.500      SLICE_X1Y25     tlc/clk_en0/s_cnt_local_reg[5]/C
High Pulse Width  Slow    FDRE/C   n/a            0.500         5.000       4.500      SLICE_X1Y25     tlc/clk_en0/s_cnt_local_reg[6]/C



